2023-03-07 13:07:12,408 INFO [main] c.x.j.e.XxlJobExecutorApplication [StartupInfoLogger.java : 55] Starting XxlJobExecutorApplication using Java 1.8.0_212 on QianqiandeMacBook-Pro-2.local with PID 20595 (/Users/qianqianwu/wudi/learn_code/XXL-Job/xxl-job/xxl-job-executor-samples/xxl-job-executor-sample-springboot/target/classes started by qianqianwu in /Users/qianqianwu/wudi/learn_code/XXL-Job)
2023-03-07 13:07:12,507 INFO [main] c.x.j.e.XxlJobExecutorApplication [SpringApplication.java : 640] No active profile set, falling back to 1 default profile: "default"
2023-03-07 13:07:14,753 INFO [main] o.s.b.w.e.tomcat.TomcatWebServer [TomcatWebServer.java : 108] Tomcat initialized with port(s): 8081 (http)
2023-03-07 13:07:14,768 INFO [main] o.a.coyote.http11.Http11NioProtocol [DirectJDKLog.java : 173] Initializing ProtocolHandler ["http-nio-8081"]
2023-03-07 13:07:14,769 INFO [main] o.a.catalina.core.StandardService [DirectJDKLog.java : 173] Starting service [Tomcat]
2023-03-07 13:07:14,770 INFO [main] o.a.catalina.core.StandardEngine [DirectJDKLog.java : 173] Starting Servlet engine: [Apache Tomcat/9.0.62]
2023-03-07 13:07:14,958 INFO [main] o.a.c.c.C.[Tomcat].[localhost].[/] [DirectJDKLog.java : 173] Initializing Spring embedded WebApplicationContext
2023-03-07 13:07:14,959 INFO [main] o.s.b.w.s.c.ServletWebServerApplicationContext [ServletWebServerApplicationContext.java : 290] Root WebApplicationContext: initialization completed in 1782 ms
2023-03-07 13:07:15,076 INFO [main] c.x.j.e.core.config.XxlJobConfig [XxlJobConfig.java : 46] >>>>>>>>>>> xxl-job config init.
2023-03-07 13:07:15,702 INFO [main] c.x.job.core.executor.XxlJobExecutor [XxlJobExecutor.java : 183] >>>>>>>>>>> xxl-job register jobhandler success, name:demoJobHandler, jobHandler:com.xxl.job.core.handler.impl.MethodJobHandler@5e5beb8a[class com.xxl.job.executor.service.jobhandler.SampleXxlJob#demoJobHandler]
2023-03-07 13:07:15,704 INFO [main] c.x.job.core.executor.XxlJobExecutor [XxlJobExecutor.java : 183] >>>>>>>>>>> xxl-job register jobhandler success, name:shardingJobHandler, jobHandler:com.xxl.job.core.handler.impl.MethodJobHandler@723877dd[class com.xxl.job.executor.service.jobhandler.SampleXxlJob#shardingJobHandler]
2023-03-07 13:07:15,705 INFO [main] c.x.job.core.executor.XxlJobExecutor [XxlJobExecutor.java : 183] >>>>>>>>>>> xxl-job register jobhandler success, name:commandJobHandler, jobHandler:com.xxl.job.core.handler.impl.MethodJobHandler@415ef4d8[class com.xxl.job.executor.service.jobhandler.SampleXxlJob#commandJobHandler]
2023-03-07 13:07:15,705 INFO [main] c.x.job.core.executor.XxlJobExecutor [XxlJobExecutor.java : 183] >>>>>>>>>>> xxl-job register jobhandler success, name:httpJobHandler, jobHandler:com.xxl.job.core.handler.impl.MethodJobHandler@56cc9f29[class com.xxl.job.executor.service.jobhandler.SampleXxlJob#httpJobHandler]
2023-03-07 13:07:15,705 INFO [main] c.x.job.core.executor.XxlJobExecutor [XxlJobExecutor.java : 183] >>>>>>>>>>> xxl-job register jobhandler success, name:demoJobHandler2, jobHandler:com.xxl.job.core.handler.impl.MethodJobHandler@535b1ae6[class com.xxl.job.executor.service.jobhandler.SampleXxlJob#demoJobHandler2]
2023-03-07 13:07:15,878 ERROR [xxl-job, executor JobLogFileCleanThread] c.x.j.c.thread.JobLogFileCleanThread [JobLogFileCleanThread.java : 71] Unparseable date: "xxl-job"
java.text.ParseException: Unparseable date: "xxl-job"
	at java.text.DateFormat.parse(DateFormat.java:366)
	at com.xxl.job.core.thread.JobLogFileCleanThread$1.run(JobLogFileCleanThread.java:69)
	at java.lang.Thread.run(Thread.java:748)
2023-03-07 13:07:15,907 INFO [main] o.a.coyote.http11.Http11NioProtocol [DirectJDKLog.java : 173] Starting ProtocolHandler ["http-nio-8081"]
2023-03-07 13:07:16,075 INFO [main] o.s.b.w.e.tomcat.TomcatWebServer [TomcatWebServer.java : 220] Tomcat started on port(s): 8081 (http) with context path ''
2023-03-07 13:07:16,148 INFO [main] c.x.j.e.XxlJobExecutorApplication [StartupInfoLogger.java : 61] Started XxlJobExecutorApplication in 5.649 seconds (JVM running for 8.609)
2023-03-07 13:07:16,293 INFO [Thread-17] com.xxl.job.core.server.EmbedServer [EmbedServer.java : 82] >>>>>>>>>>> xxl-job remoting server start success, nettype = class com.xxl.job.core.server.EmbedServer, port = 9999
2023-03-07 13:08:16,606 INFO [xxl-job, EmbedServer bizThreadPool-788293077] c.x.job.core.executor.XxlJobExecutor [XxlJobExecutor.java : 246] >>>>>>>>>>> xxl-job regist JobThread success, jobId:1, handler:com.xxl.job.core.handler.impl.MethodJobHandler@5e5beb8a[class com.xxl.job.executor.service.jobhandler.SampleXxlJob#demoJobHandler]
2023-03-07 13:09:59,755 INFO [xxl-job, JobThread-1-1678165696606] com.xxl.job.core.thread.JobThread [JobThread.java : 250] >>>>>>>>>>> xxl-job JobThread stoped, hashCode:Thread[xxl-job, JobThread-1-1678165696606,10,main]
2023-03-07 13:48:28,800 INFO [Thread-17] com.xxl.job.core.server.EmbedServer [EmbedServer.java : 91] >>>>>>>>>>> xxl-job remoting server stop.
2023-03-07 13:48:28,837 INFO [xxl-job, executor ExecutorRegistryThread] c.x.j.c.t.ExecutorRegistryThread [ExecutorRegistryThread.java : 87] >>>>>>>>>>> xxl-job registry-remove success, registryParam:RegistryParam{registryGroup='EXECUTOR', registryKey='xxl-job-executor-sample', registryValue='http://172.20.248.43:9999/'}, registryResult:ReturnT [code=200, msg=null, content=null]
2023-03-07 13:48:28,839 INFO [xxl-job, executor ExecutorRegistryThread] c.x.j.c.t.ExecutorRegistryThread [ExecutorRegistryThread.java : 105] >>>>>>>>>>> xxl-job, executor registry thread destroy.
2023-03-07 13:48:28,840 INFO [SpringApplicationShutdownHook] com.xxl.job.core.server.EmbedServer [EmbedServer.java : 117] >>>>>>>>>>> xxl-job remoting server destroy success.
2023-03-07 13:48:28,849 INFO [xxl-job, executor JobLogFileCleanThread] c.x.j.c.thread.JobLogFileCleanThread [JobLogFileCleanThread.java : 99] >>>>>>>>>>> xxl-job, executor JobLogFileCleanThread thread destroy.
2023-03-07 13:48:28,852 INFO [xxl-job, executor TriggerCallbackThread] c.x.j.c.thread.TriggerCallbackThread [TriggerCallbackThread.java : 98] >>>>>>>>>>> xxl-job, executor callback thread destroy.
2023-03-07 13:48:28,854 INFO [Thread-16] c.x.j.c.thread.TriggerCallbackThread [TriggerCallbackThread.java : 128] >>>>>>>>>>> xxl-job, executor retry callback thread destroy.
2023-03-07 13:48:38,550 INFO [main] c.x.j.e.XxlJobExecutorApplication [StartupInfoLogger.java : 55] Starting XxlJobExecutorApplication using Java 1.8.0_212 on QianqiandeMacBook-Pro-2.local with PID 20760 (/Users/qianqianwu/wudi/learn_code/XXL-Job/xxl-job/xxl-job-executor-samples/xxl-job-executor-sample-springboot/target/classes started by qianqianwu in /Users/qianqianwu/wudi/learn_code/XXL-Job)
2023-03-07 13:48:38,564 INFO [main] c.x.j.e.XxlJobExecutorApplication [SpringApplication.java : 640] No active profile set, falling back to 1 default profile: "default"
2023-03-07 13:48:40,385 INFO [main] o.s.b.w.e.tomcat.TomcatWebServer [TomcatWebServer.java : 108] Tomcat initialized with port(s): 8081 (http)
2023-03-07 13:48:40,397 INFO [main] o.a.coyote.http11.Http11NioProtocol [DirectJDKLog.java : 173] Initializing ProtocolHandler ["http-nio-8081"]
2023-03-07 13:48:40,398 INFO [main] o.a.catalina.core.StandardService [DirectJDKLog.java : 173] Starting service [Tomcat]
2023-03-07 13:48:40,398 INFO [main] o.a.catalina.core.StandardEngine [DirectJDKLog.java : 173] Starting Servlet engine: [Apache Tomcat/9.0.62]
2023-03-07 13:48:40,566 INFO [main] o.a.c.c.C.[Tomcat].[localhost].[/] [DirectJDKLog.java : 173] Initializing Spring embedded WebApplicationContext
2023-03-07 13:48:40,567 INFO [main] o.s.b.w.s.c.ServletWebServerApplicationContext [ServletWebServerApplicationContext.java : 290] Root WebApplicationContext: initialization completed in 1454 ms
2023-03-07 13:48:40,655 INFO [main] c.x.j.e.core.config.XxlJobConfig [XxlJobConfig.java : 46] >>>>>>>>>>> xxl-job config init.
2023-03-07 13:48:41,084 INFO [main] c.x.job.core.executor.XxlJobExecutor [XxlJobExecutor.java : 183] >>>>>>>>>>> xxl-job register jobhandler success, name:demoJobHandler, jobHandler:com.xxl.job.core.handler.impl.MethodJobHandler@f0020b1[class com.xxl.job.executor.service.jobhandler.SampleXxlJob#demoJobHandler]
2023-03-07 13:48:41,085 INFO [main] c.x.job.core.executor.XxlJobExecutor [XxlJobExecutor.java : 183] >>>>>>>>>>> xxl-job register jobhandler success, name:shardingJobHandler, jobHandler:com.xxl.job.core.handler.impl.MethodJobHandler@27443560[class com.xxl.job.executor.service.jobhandler.SampleXxlJob#shardingJobHandler]
2023-03-07 13:48:41,085 INFO [main] c.x.job.core.executor.XxlJobExecutor [XxlJobExecutor.java : 183] >>>>>>>>>>> xxl-job register jobhandler success, name:commandJobHandler, jobHandler:com.xxl.job.core.handler.impl.MethodJobHandler@3ddb774f[class com.xxl.job.executor.service.jobhandler.SampleXxlJob#commandJobHandler]
2023-03-07 13:48:41,085 INFO [main] c.x.job.core.executor.XxlJobExecutor [XxlJobExecutor.java : 183] >>>>>>>>>>> xxl-job register jobhandler success, name:httpJobHandler, jobHandler:com.xxl.job.core.handler.impl.MethodJobHandler@2582b0ef[class com.xxl.job.executor.service.jobhandler.SampleXxlJob#httpJobHandler]
2023-03-07 13:48:41,086 INFO [main] c.x.job.core.executor.XxlJobExecutor [XxlJobExecutor.java : 183] >>>>>>>>>>> xxl-job register jobhandler success, name:demoJobHandler2, jobHandler:com.xxl.job.core.handler.impl.MethodJobHandler@70721c12[class com.xxl.job.executor.service.jobhandler.SampleXxlJob#demoJobHandler2]
2023-03-07 13:48:41,234 ERROR [xxl-job, executor JobLogFileCleanThread] c.x.j.c.thread.JobLogFileCleanThread [JobLogFileCleanThread.java : 71] Unparseable date: "xxl-job"
java.text.ParseException: Unparseable date: "xxl-job"
	at java.text.DateFormat.parse(DateFormat.java:366)
	at com.xxl.job.core.thread.JobLogFileCleanThread$1.run(JobLogFileCleanThread.java:69)
	at java.lang.Thread.run(Thread.java:748)
2023-03-07 13:48:41,250 INFO [main] o.a.coyote.http11.Http11NioProtocol [DirectJDKLog.java : 173] Starting ProtocolHandler ["http-nio-8081"]
2023-03-07 13:48:41,285 INFO [main] o.s.b.w.e.tomcat.TomcatWebServer [TomcatWebServer.java : 220] Tomcat started on port(s): 8081 (http) with context path ''
2023-03-07 13:48:41,304 INFO [main] c.x.j.e.XxlJobExecutorApplication [StartupInfoLogger.java : 61] Started XxlJobExecutorApplication in 3.971 seconds (JVM running for 6.812)
2023-03-07 13:48:41,401 INFO [Thread-15] com.xxl.job.core.server.EmbedServer [EmbedServer.java : 82] >>>>>>>>>>> xxl-job remoting server start success, nettype = class com.xxl.job.core.server.EmbedServer, port = 9999
2023-03-07 13:49:21,502 INFO [xxl-job, EmbedServer bizThreadPool-216659896] c.x.job.core.executor.XxlJobExecutor [XxlJobExecutor.java : 246] >>>>>>>>>>> xxl-job regist JobThread success, jobId:1, handler:com.xxl.job.core.handler.impl.MethodJobHandler@f0020b1[class com.xxl.job.executor.service.jobhandler.SampleXxlJob#demoJobHandler]
2023-03-07 13:51:40,726 INFO [xxl-job, JobThread-1-1678168161502] com.xxl.job.core.thread.JobThread [JobThread.java : 250] >>>>>>>>>>> xxl-job JobThread stoped, hashCode:Thread[xxl-job, JobThread-1-1678168161502,10,main]
2023-03-07 14:05:59,187 INFO [Thread-15] com.xxl.job.core.server.EmbedServer [EmbedServer.java : 91] >>>>>>>>>>> xxl-job remoting server stop.
2023-03-07 14:05:59,191 INFO [xxl-job, executor ExecutorRegistryThread] c.x.j.c.t.ExecutorRegistryThread [ExecutorRegistryThread.java : 87] >>>>>>>>>>> xxl-job registry-remove success, registryParam:RegistryParam{registryGroup='EXECUTOR', registryKey='xxl-job-executor-sample', registryValue='http://172.20.248.43:9999/'}, registryResult:ReturnT [code=200, msg=null, content=null]
2023-03-07 14:05:59,192 INFO [xxl-job, executor ExecutorRegistryThread] c.x.j.c.t.ExecutorRegistryThread [ExecutorRegistryThread.java : 105] >>>>>>>>>>> xxl-job, executor registry thread destroy.
2023-03-07 14:05:59,194 INFO [SpringApplicationShutdownHook] com.xxl.job.core.server.EmbedServer [EmbedServer.java : 117] >>>>>>>>>>> xxl-job remoting server destroy success.
2023-03-07 14:05:59,202 INFO [xxl-job, executor JobLogFileCleanThread] c.x.j.c.thread.JobLogFileCleanThread [JobLogFileCleanThread.java : 99] >>>>>>>>>>> xxl-job, executor JobLogFileCleanThread thread destroy.
2023-03-07 14:05:59,207 INFO [xxl-job, executor TriggerCallbackThread] c.x.j.c.thread.TriggerCallbackThread [TriggerCallbackThread.java : 98] >>>>>>>>>>> xxl-job, executor callback thread destroy.
2023-03-07 14:05:59,208 INFO [Thread-14] c.x.j.c.thread.TriggerCallbackThread [TriggerCallbackThread.java : 128] >>>>>>>>>>> xxl-job, executor retry callback thread destroy.
